<?xml version="1.0" encoding="UTF-8"?>
<testsuite xmlns:xsi="http://www.w3.org/2001/XMLSchema-instance" xsi:noNamespaceSchemaLocation="https://maven.apache.org/surefire/maven-failsafe-plugin/xsd/failsafe-test-report-3.0.xsd" version="3.0" name="library.MainRunner" time="7.634" tests="1" errors="0" skipped="0" failures="0">
  <properties>
[...]
</properties>
  <testcase name="Calculate mortgage payment with specific data" classname="Calculate Mortgage Payment" time="5.688">
    <system-out><![CDATA[
Actual monthly payment is: $2,853.65
Expected Monthly Payment is : $2,853.65

Actual total payment is: $1,232,776.82
Expected total Payment is : $1,232,776.82

Actual total Interest is: $432,776.82
Expected total Interest is : $432,776.82
]]></system-out>
    <system-err><![CDATA[[main] INFO io.github.bonigarcia.wdm.WebDriverManager - Using chromedriver 91.0.4472.101 (resolved driver for Chrome 91)
[main] INFO io.github.bonigarcia.wdm.WebDriverManager - Exporting webdriver.chrome.driver as C:\Users\moeel\.cache\selenium\chromedriver\win32\91.0.4472.101\chromedriver.exe
Starting ChromeDriver 91.0.4472.101 (af52a90bf87030dd1523486a1cd3ae25c5d76c9b-refs/branch-heads/4472@{#1462}) on port 42110
Only local connections are allowed.
Please see https://chromedriver.chromium.org/security-considerations for suggestions on keeping ChromeDriver safe.
ChromeDriver was started successfully.
Jul 13, 2021 3:42:55 PM org.openqa.selenium.remote.ProtocolHandshake createSession
INFO: Detected dialect: W3C
]]></system-err>
  </testcase>
</testsuite>